INFO com.baizhi.controller.UserController#userLogin 2019-07-16 09:16:05 inputVector:874.9750000001732,1373.2900000000009,1544.5049999998446| User-Agent:Mozilla/5.0 (Windows NT 6.1; Win64; x64) AppleWebKit/537.36 (KHTML, like Gecko) Chrome/73.0.3683.86 Safari/537.36 address:0:0:0:0:0:0:0:1
INFO com.baizhi.controller.UserController#userLogin 2019-07-16 10:53:55 inputVector:696.3599999999133,1363.7249999992491,1530.809999999292| User-Agent:Mozilla/5.0 (Windows NT 6.1; Win64; x64) AppleWebKit/537.36 (KHTML, like Gecko) Chrome/73.0.3683.86 Safari/537.36 address:0:0:0:0:0:0:0:1
INFO com.baizhi.controller.UserController#userLogin 2019-07-16 14:18:46 inputVector:697.4600000030478,1262.8599999989092,2168.424999999843| User-Agent:Mozilla/5.0 (Windows NT 6.1; Win64; x64) AppleWebKit/537.36 (KHTML, like Gecko) Chrome/73.0.3683.86 Safari/537.36 address:0:0:0:0:0:0:0:1
INFO com.baizhi.controller.UserController#userLogin 2019-07-16 14:20:40 inputVector:2805.144999998447,1274.4549999988521,1226.6300000010233| User-Agent:Mozilla/5.0 (Windows NT 6.1; Win64; x64) AppleWebKit/537.36 (KHTML, like Gecko) Chrome/73.0.3683.86 Safari/537.36 address:0:0:0:0:0:0:0:1
INFO com.baizhi.controller.UserController#userLogin 2019-07-16 14:29:00 inputVector:1005.9949999995297,1417.9299999996147,6340.485000000626| User-Agent:Mozilla/5.0 (Windows NT 6.1; Win64; x64) AppleWebKit/537.36 (KHTML, like Gecko) Chrome/73.0.3683.86 Safari/537.36 address:0:0:0:0:0:0:0:1
INFO com.baizhi.controller.UserController#userLogin 2019-07-16 14:47:00 inputVector:1119.555000001128,1285.4700000025332,2838.3500000018103| User-Agent:Mozilla/5.0 (Windows NT 6.1; Win64; x64) AppleWebKit/537.36 (KHTML, like Gecko) Chrome/73.0.3683.86 Safari/537.36 address:0:0:0:0:0:0:0:1
INFO com.baizhi.controller.UserController#userLogin 2019-07-16 14:58:09 inputVector:1079.7100000017963,1311.890000000858,2135.5250000015076| User-Agent:Mozilla/5.0 (Windows NT 6.1; Win64; x64) AppleWebKit/537.36 (KHTML, like Gecko) Chrome/73.0.3683.86 Safari/537.36 address:0:0:0:0:0:0:0:1
INFO com.baizhi.controller.UserController#userLogin 2019-07-16 14:59:18 inputVector:715.7000000006519,1320.8899999990535,1907.4000000000524| User-Agent:Mozilla/5.0 (Windows NT 6.1; Win64; x64) AppleWebKit/537.36 (KHTML, like Gecko) Chrome/73.0.3683.86 Safari/537.36 address:0:0:0:0:0:0:0:1
INFO com.baizhi.controller.UserController#userLogin 2019-07-16 14:59:29 inputVector:2404.995000000781,13647.294999998849,1907.4000000000524| User-Agent:Mozilla/5.0 (Windows NT 6.1; Win64; x64) AppleWebKit/537.36 (KHTML, like Gecko) Chrome/73.0.3683.86 Safari/537.36 address:0:0:0:0:0:0:0:1
INFO com.baizhi.controller.UserController#userLogin 2019-07-16 15:36:05 EVALUATE {"agent":"Chrome|Browser|73.0.3683.86|MICROSOFT|Windows 7","inputVector":"1392.7100000000792,1329.330000000482,3438.5499999989406","location":{"city":"Guangzhou","point":[113.25,23.1167]}}
INFO com.baizhi.controller.UserController#userLogin 2019-07-16 15:36:05 inputVector:1392.7100000000792,1329.330000000482,3438.5499999989406| User-Agent:Mozilla/5.0 (Windows NT 6.1; Win64; x64) AppleWebKit/537.36 (KHTML, like Gecko) Chrome/73.0.3683.86 Safari/537.36 address:0:0:0:0:0:0:0:1
INFO com.baizhi.controller.UserController#userLogin 2019-07-16 15:36:29 EVALUATE {"agent":"Chrome|Browser|73.0.3683.86|MICROSOFT|Windows 7","inputVector":"1392.7100000000792,1329.330000000482,3691.644999998971","location":{"city":"Beijing","point":[116.388306,39.928894]}}
INFO com.baizhi.controller.UserController#userLogin 2019-07-16 15:36:29 inputVector:1392.7100000000792,1329.330000000482,3691.644999998971| User-Agent:Mozilla/5.0 (Windows NT 6.1; Win64; x64) AppleWebKit/537.36 (KHTML, like Gecko) Chrome/73.0.3683.86 Safari/537.36 address:0:0:0:0:0:0:0:1
INFO com.baizhi.controller.UserController#userLogin 2019-07-16 15:37:02 EVALUATE {"agent":"Chrome|Browser|73.0.3683.86|MICROSOFT|Windows 7","inputVector":"1392.7100000000792,1329.330000000482,3691.644999998971","location":{"city":"Beijing","point":[116.388306,39.928894]}}
INFO com.baizhi.controller.UserController#userLogin 2019-07-16 15:37:02 inputVector:1392.7100000000792,1329.330000000482,3691.644999998971| User-Agent:Mozilla/5.0 (Windows NT 6.1; Win64; x64) AppleWebKit/537.36 (KHTML, like Gecko) Chrome/73.0.3683.86 Safari/537.36 address:0:0:0:0:0:0:0:1
INFO com.baizhi.controller.UserController#userLogin 2019-07-16 15:37:02 SUCCESS {"agent":"Chrome|Browser|73.0.3683.86|MICROSOFT|Windows 7","inputVector":"1392.7100000000792,1329.330000000482,3691.644999998971","location":{"city":"Beijing","point":[116.388306,39.928894]}}
INFO com.baizhi.controller.UserController#registerUser 2019-07-16 15:37:42 REGISTER {"city":"Beijing","point":[116.388306,39.928894]}
INFO com.baizhi.controller.UserController#userLogin 2019-07-16 15:38:27 EVALUATE {"agent":"Chrome|Browser|73.0.3683.86|MICROSOFT|Windows 7","inputVector":"608.3050000015646,1239.0550000018266,2067.93000000107","location":{"city":"Guangzhou","point":[113.25,23.1167]}}
INFO com.baizhi.controller.UserController#userLogin 2019-07-16 15:38:27 inputVector:608.3050000015646,1239.0550000018266,2067.93000000107| User-Agent:Mozilla/5.0 (Windows NT 6.1; Win64; x64) AppleWebKit/537.36 (KHTML, like Gecko) Chrome/73.0.3683.86 Safari/537.36 address:0:0:0:0:0:0:0:1
INFO com.baizhi.controller.UserController#userLogin 2019-07-16 15:38:27 SUCCESS {"agent":"Chrome|Browser|73.0.3683.86|MICROSOFT|Windows 7","inputVector":"608.3050000015646,1239.0550000018266,2067.93000000107","location":{"city":"Guangzhou","point":[113.25,23.1167]}}
INFO com.baizhi.controller.UserController#userLogin 2019-07-16 15:40:34 EVALUATE {"agent":"Chrome|Browser|73.0.3683.86|MICROSOFT|Windows 7","inputVector":"1146.4249999989988,1231.6400000017893,1596.3699999992969","location":{"city":"Shanghai","point":[121.39969,31.045593]}}
INFO com.baizhi.controller.UserController#userLogin 2019-07-16 15:40:34 inputVector:1146.4249999989988,1231.6400000017893,1596.3699999992969| User-Agent:Mozilla/5.0 (Windows NT 6.1; Win64; x64) AppleWebKit/537.36 (KHTML, like Gecko) Chrome/73.0.3683.86 Safari/537.36 address:172.16.5.10
INFO com.baizhi.controller.UserController#userLogin 2019-07-16 15:40:34 SUCCESS {"agent":"Chrome|Browser|73.0.3683.86|MICROSOFT|Windows 7","inputVector":"1146.4249999989988,1231.6400000017893,1596.3699999992969","location":{"city":"Shanghai","point":[121.39969,31.045593]}}
INFO com.baizhi.controller.UserController#userLogin 2019-07-16 15:46:42 EVALUATE {"agent":"Chrome|Browser|73.0.3683.86|MICROSOFT|Windows 7","inputVector":"1224.4949999985693,1275.0300000006973,3824.4199999971897","location":{"city":"Shanghai","point":[121.39969,31.045593]}}
INFO com.baizhi.controller.UserController#userLogin 2019-07-16 15:46:42 inputVector:1224.4949999985693,1275.0300000006973,3824.4199999971897| User-Agent:Mozilla/5.0 (Windows NT 6.1; Win64; x64) AppleWebKit/537.36 (KHTML, like Gecko) Chrome/73.0.3683.86 Safari/537.36 address:172.16.5.10
INFO com.baizhi.controller.UserController#userLogin 2019-07-16 15:50:42 EVALUATE {"agent":"Chrome|Browser|73.0.3683.86|MICROSOFT|Windows 7","inputVector":"1893.035000000964,1312.289999998029,1891.5750000014668","location":{"city":"Zhengzhou","point":[113.5325,34.683594]}}
INFO com.baizhi.controller.UserController#userLogin 2019-07-16 15:50:42 inputVector:1893.035000000964,1312.289999998029,1891.5750000014668| User-Agent:Mozilla/5.0 (Windows NT 6.1; Win64; x64) AppleWebKit/537.36 (KHTML, like Gecko) Chrome/73.0.3683.86 Safari/537.36 address:172.16.5.10
INFO com.baizhi.controller.UserController#userLogin 2019-07-16 15:50:57 EVALUATE {"agent":"Chrome|Browser|73.0.3683.86|MICROSOFT|Windows 7","inputVector":"16109.990000000835,1312.289999998029,2569.5450000021083","location":{"city":"Zhengzhou","point":[113.5325,34.683594]}}
INFO com.baizhi.controller.UserController#userLogin 2019-07-16 15:50:57 inputVector:16109.990000000835,1312.289999998029,2569.5450000021083| User-Agent:Mozilla/5.0 (Windows NT 6.1; Win64; x64) AppleWebKit/537.36 (KHTML, like Gecko) Chrome/73.0.3683.86 Safari/537.36 address:172.16.5.10
INFO com.baizhi.controller.UserController#userLogin 2019-07-16 15:50:57 SUCCESS {"agent":"Chrome|Browser|73.0.3683.86|MICROSOFT|Windows 7","inputVector":"16109.990000000835,1312.289999998029,2569.5450000021083","location":{"city":"Zhengzhou","point":[113.5325,34.683594]}}
INFO com.baizhi.controller.UserController#userLogin 2019-07-16 15:55:06 EVALUATE {"agent":"Chrome|Browser|73.0.3683.86|MICROSOFT|Windows 7","inputVector":"1464.7399999994377,1387.8399999994144,2433.7800000030256","location":{"city":"Zhengzhou","point":[113.5325,34.683594]}}
INFO com.baizhi.controller.UserController#userLogin 2019-07-16 15:55:06 inputVector:1464.7399999994377,1387.8399999994144,2433.7800000030256| User-Agent:Mozilla/5.0 (Windows NT 6.1; Win64; x64) AppleWebKit/537.36 (KHTML, like Gecko) Chrome/73.0.3683.86 Safari/537.36 address:172.16.5.10
INFO com.baizhi.controller.UserController#registerUser 2019-07-16 15:57:51 REGISTER {"city":"Zhengzhou","point":[113.5325,34.683594]}
INFO com.baizhi.controller.UserController#registerUser 2019-07-16 15:58:54 REGISTER {"city":"Guangzhou","point":[113.25,23.1167]}
INFO com.baizhi.controller.UserController#userLogin 2019-07-16 19:39:58 EVALUATE {"agent":"Chrome|Browser|73.0.3683.86|MICROSOFT|Windows 7","inputVector":"752.2499999977299,1361.0349999944447,1671.5299999996205","location":{"city":"Zhengzhou","point":[113.5325,34.683594]}}
INFO com.baizhi.controller.UserController#userLogin 2019-07-16 19:39:58 inputVector:752.2499999977299,1361.0349999944447,1671.5299999996205| User-Agent:Mozilla/5.0 (Windows NT 6.1; Win64; x64) AppleWebKit/537.36 (KHTML, like Gecko) Chrome/73.0.3683.86 Safari/537.36 address:0:0:0:0:0:0:0:1
INFO com.baizhi.controller.UserController#userLogin 2019-07-16 19:39:59 SUCCESS {"agent":"Chrome|Browser|73.0.3683.86|MICROSOFT|Windows 7","inputVector":"752.2499999977299,1361.0349999944447,1671.5299999996205","location":{"city":"Zhengzhou","point":[113.5325,34.683594]}}
INFO com.baizhi.controller.UserController#userLogin 2019-07-16 21:10:23 EVALUATE {"agent":"Chrome|Browser|73.0.3683.86|MICROSOFT|Windows 7","inputVector":"985.1849999977276,1354.350000001432,2415.594999998575","location":{"city":"Zhengzhou","point":[113.5325,34.683594]}}
INFO com.baizhi.controller.UserController#userLogin 2019-07-16 21:10:23 inputVector:985.1849999977276,1354.350000001432,2415.594999998575| User-Agent:Mozilla/5.0 (Windows NT 6.1; Win64; x64) AppleWebKit/537.36 (KHTML, like Gecko) Chrome/73.0.3683.86 Safari/537.36 address:0:0:0:0:0:0:0:1
INFO com.baizhi.controller.UserController#userLogin 2019-07-16 21:10:24 SUCCESS {"agent":"Chrome|Browser|73.0.3683.86|MICROSOFT|Windows 7","inputVector":"985.1849999977276,1354.350000001432,2415.594999998575","location":{"city":"Zhengzhou","point":[113.5325,34.683594]}}
INFO com.baizhi.controller.UserController#userLogin 2019-07-16 21:17:54 EVALUATE {"agent":"Chrome|Browser|73.0.3683.86|MICROSOFT|Windows 7","inputVector":"1016.4949999962118,1375.9250000002794,1700.7300000041141","location":{"city":"Beijing","point":[116.388306,39.928894]}}
INFO com.baizhi.controller.UserController#userLogin 2019-07-16 21:17:54 inputVector:1016.4949999962118,1375.9250000002794,1700.7300000041141| User-Agent:Mozilla/5.0 (Windows NT 6.1; Win64; x64) AppleWebKit/537.36 (KHTML, like Gecko) Chrome/73.0.3683.86 Safari/537.36 address:0:0:0:0:0:0:0:1
INFO com.baizhi.controller.UserController#userLogin 2019-07-16 21:17:55 SUCCESS {"agent":"Chrome|Browser|73.0.3683.86|MICROSOFT|Windows 7","inputVector":"1016.4949999962118,1375.9250000002794,1700.7300000041141","location":{"city":"Beijing","point":[116.388306,39.928894]}}
INFO com.baizhi.controller.UserController#userLogin 2019-07-16 21:19:08 EVALUATE {"agent":"Chrome|Browser|73.0.3683.86|MICROSOFT|Windows 7","inputVector":"613.180000000284,1468.6299999957555,1915.659999998752","location":{"city":"Shanghai","point":[121.39969,31.045593]}}
INFO com.baizhi.controller.UserController#userLogin 2019-07-16 21:19:08 inputVector:613.180000000284,1468.6299999957555,1915.659999998752| User-Agent:Mozilla/5.0 (Windows NT 6.1; Win64; x64) AppleWebKit/537.36 (KHTML, like Gecko) Chrome/73.0.3683.86 Safari/537.36 address:0:0:0:0:0:0:0:1
INFO com.baizhi.controller.UserController#userLogin 2019-07-16 21:19:08 SUCCESS {"agent":"Chrome|Browser|73.0.3683.86|MICROSOFT|Windows 7","inputVector":"613.180000000284,1468.6299999957555,1915.659999998752","location":{"city":"Shanghai","point":[121.39969,31.045593]}}
INFO com.baizhi.controller.UserController#userLogin 2019-07-16 21:23:34 EVALUATE {"agent":"Chrome|Browser|73.0.3683.86|MICROSOFT|Windows 7","inputVector":"693.1550000008428,1280.0799999968149,1875.4199999966659","location":{"city":"Shanghai","point":[121.39969,31.045593]}}
INFO com.baizhi.controller.UserController#userLogin 2019-07-16 21:23:34 inputVector:693.1550000008428,1280.0799999968149,1875.4199999966659| User-Agent:Mozilla/5.0 (Windows NT 6.1; Win64; x64) AppleWebKit/537.36 (KHTML, like Gecko) Chrome/73.0.3683.86 Safari/537.36 address:0:0:0:0:0:0:0:1
INFO com.baizhi.controller.UserController#userLogin 2019-07-16 21:23:34 SUCCESS {"agent":"Chrome|Browser|73.0.3683.86|MICROSOFT|Windows 7","inputVector":"693.1550000008428,1280.0799999968149,1875.4199999966659","location":{"city":"Shanghai","point":[121.39969,31.045593]}}
INFO com.baizhi.controller.UserController#userLogin 2019-07-16 21:26:44 EVALUATE {"agent":"Chrome|Browser|73.0.3683.86|MICROSOFT|Windows 7","inputVector":"2507.7349999992293,1448.5849999982747,2639.8649999973713","location":{"city":"Zhengzhou","point":[113.5325,34.683594]}}
INFO com.baizhi.controller.UserController#userLogin 2019-07-16 21:26:44 inputVector:2507.7349999992293,1448.5849999982747,2639.8649999973713| User-Agent:Mozilla/5.0 (Windows NT 6.1; Win64; x64) AppleWebKit/537.36 (KHTML, like Gecko) Chrome/73.0.3683.86 Safari/537.36 address:127.0.0.1
INFO com.baizhi.controller.UserController#userLogin 2019-07-16 21:26:44 SUCCESS {"agent":"Chrome|Browser|73.0.3683.86|MICROSOFT|Windows 7","inputVector":"2507.7349999992293,1448.5849999982747,2639.8649999973713","location":{"city":"Zhengzhou","point":[113.5325,34.683594]}}
INFO com.baizhi.controller.UserController#userLogin 2019-07-16 21:30:19 EVALUATE {"agent":"Chrome|Browser|73.0.3683.86|MICROSOFT|Windows 7","inputVector":"1057.039999999688,1322.359999998298,945.7150000016554","location":{"city":"Shanghai","point":[121.39969,31.045593]}}
INFO com.baizhi.controller.UserController#userLogin 2019-07-16 21:30:19 inputVector:1057.039999999688,1322.359999998298,945.7150000016554| User-Agent:Mozilla/5.0 (Windows NT 6.1; Win64; x64) AppleWebKit/537.36 (KHTML, like Gecko) Chrome/73.0.3683.86 Safari/537.36 address:0:0:0:0:0:0:0:1
INFO com.baizhi.controller.UserController#userLogin 2019-07-16 21:30:20 SUCCESS {"agent":"Chrome|Browser|73.0.3683.86|MICROSOFT|Windows 7","inputVector":"1057.039999999688,1322.359999998298,945.7150000016554","location":{"city":"Shanghai","point":[121.39969,31.045593]}}
INFO com.baizhi.controller.UserController#userLogin 2019-07-16 21:41:40 EVALUATE {"agent":"Chrome|Browser|73.0.3683.86|MICROSOFT|Windows 7","inputVector":"1083.3899999997811,1297.4949999988894,1734.4000000011874","location":{"city":"Guangzhou","point":[113.25,23.1167]}}
INFO com.baizhi.controller.UserController#userLogin 2019-07-16 21:41:40 inputVector:1083.3899999997811,1297.4949999988894,1734.4000000011874| User-Agent:Mozilla/5.0 (Windows NT 6.1; Win64; x64) AppleWebKit/537.36 (KHTML, like Gecko) Chrome/73.0.3683.86 Safari/537.36 address:0:0:0:0:0:0:0:1
INFO com.baizhi.controller.UserController#userLogin 2019-07-16 21:41:40 SUCCESS {"agent":"Chrome|Browser|73.0.3683.86|MICROSOFT|Windows 7","inputVector":"1083.3899999997811,1297.4949999988894,1734.4000000011874","location":{"city":"Guangzhou","point":[113.25,23.1167]}}
INFO com.baizhi.controller.UserController#userLogin 2019-07-16 21:49:36 EVALUATE {"agent":"Chrome|Browser|73.0.3683.86|MICROSOFT|Windows 7","inputVector":"863.0649999977322,1251.6449999966426,1881.1549999954877","location":{"city":"Beijing","point":[116.388306,39.928894]}}
INFO com.baizhi.controller.UserController#userLogin 2019-07-16 21:49:36 inputVector:863.0649999977322,1251.6449999966426,1881.1549999954877| User-Agent:Mozilla/5.0 (Windows NT 6.1; Win64; x64) AppleWebKit/537.36 (KHTML, like Gecko) Chrome/73.0.3683.86 Safari/537.36 address:127.0.0.1
INFO com.baizhi.controller.UserController#userLogin 2019-07-16 21:49:36 SUCCESS {"agent":"Chrome|Browser|73.0.3683.86|MICROSOFT|Windows 7","inputVector":"863.0649999977322,1251.6449999966426,1881.1549999954877","location":{"city":"Beijing","point":[116.388306,39.928894]}}
INFO com.baizhi.controller.UserController#userLogin 2019-07-16 21:50:44 EVALUATE {"agent":"Chrome|Browser|73.0.3683.86|MICROSOFT|Windows 7","inputVector":"599.210000000312,1363.454999998794,1248.9700000005541","location":{"city":"Guangzhou","point":[113.25,23.1167]}}
INFO com.baizhi.controller.UserController#userLogin 2019-07-16 21:50:44 inputVector:599.210000000312,1363.454999998794,1248.9700000005541| User-Agent:Mozilla/5.0 (Windows NT 6.1; Win64; x64) AppleWebKit/537.36 (KHTML, like Gecko) Chrome/73.0.3683.86 Safari/537.36 address:0:0:0:0:0:0:0:1
INFO com.baizhi.controller.UserController#userLogin 2019-07-16 21:50:44 SUCCESS {"agent":"Chrome|Browser|73.0.3683.86|MICROSOFT|Windows 7","inputVector":"599.210000000312,1363.454999998794,1248.9700000005541","location":{"city":"Guangzhou","point":[113.25,23.1167]}}
INFO com.baizhi.controller.UserController#userLogin 2019-07-16 21:56:40 EVALUATE {"agent":"Chrome|Browser|73.0.3683.86|MICROSOFT|Windows 7","inputVector":"567.1949999959907,1327.5250000006054,2603.0400000017835","location":{"city":"Guangzhou","point":[113.25,23.1167]}}
INFO com.baizhi.controller.UserController#userLogin 2019-07-16 21:56:40 inputVector:567.1949999959907,1327.5250000006054,2603.0400000017835| User-Agent:Mozilla/5.0 (Windows NT 6.1; Win64; x64) AppleWebKit/537.36 (KHTML, like Gecko) Chrome/73.0.3683.86 Safari/537.36 address:127.0.0.1
INFO com.baizhi.controller.UserController#userLogin 2019-07-16 21:56:40 SUCCESS {"agent":"Chrome|Browser|73.0.3683.86|MICROSOFT|Windows 7","inputVector":"567.1949999959907,1327.5250000006054,2603.0400000017835","location":{"city":"Guangzhou","point":[113.25,23.1167]}}
INFO com.baizhi.controller.UserController#userLogin 2019-07-16 22:10:28 EVALUATE {"agent":"Chrome|Browser|73.0.3683.86|MICROSOFT|Windows 7","inputVector":"737.7349999951548,1353.609999998298,2153.055000002496","location":{"city":"Shanghai","point":[121.39969,31.045593]}}
INFO com.baizhi.controller.UserController#userLogin 2019-07-16 22:10:28 inputVector:737.7349999951548,1353.609999998298,2153.055000002496| User-Agent:Mozilla/5.0 (Windows NT 6.1; Win64; x64) AppleWebKit/537.36 (KHTML, like Gecko) Chrome/73.0.3683.86 Safari/537.36 address:0:0:0:0:0:0:0:1
INFO com.baizhi.controller.UserController#userLogin 2019-07-16 22:11:32 EVALUATE {"agent":"Chrome|Browser|73.0.3683.86|MICROSOFT|Windows 7","inputVector":"1048.0600000009872,1485.4799999957322,1557.0000000006985","location":{"city":"Guangzhou","point":[113.25,23.1167]}}
INFO com.baizhi.controller.UserController#userLogin 2019-07-16 22:11:32 inputVector:1048.0600000009872,1485.4799999957322,1557.0000000006985| User-Agent:Mozilla/5.0 (Windows NT 6.1; Win64; x64) AppleWebKit/537.36 (KHTML, like Gecko) Chrome/73.0.3683.86 Safari/537.36 address:0:0:0:0:0:0:0:1
INFO com.baizhi.controller.UserController#userLogin 2019-07-16 22:11:32 SUCCESS {"agent":"Chrome|Browser|73.0.3683.86|MICROSOFT|Windows 7","inputVector":"1048.0600000009872,1485.4799999957322,1557.0000000006985","location":{"city":"Guangzhou","point":[113.25,23.1167]}}
INFO com.baizhi.controller.UserController#userLogin 2019-07-16 22:17:00 EVALUATE {"agent":"Chrome|Browser|73.0.3683.86|MICROSOFT|Windows 7","inputVector":"658.0200000025798,1363.7199999939185,2009.9649999974645","location":{"city":"Guangzhou","point":[113.25,23.1167]}}
INFO com.baizhi.controller.UserController#userLogin 2019-07-16 22:17:00 inputVector:658.0200000025798,1363.7199999939185,2009.9649999974645| User-Agent:Mozilla/5.0 (Windows NT 6.1; Win64; x64) AppleWebKit/537.36 (KHTML, like Gecko) Chrome/73.0.3683.86 Safari/537.36 address:0:0:0:0:0:0:0:1
INFO com.baizhi.controller.UserController#userLogin 2019-07-16 22:17:00 SUCCESS {"agent":"Chrome|Browser|73.0.3683.86|MICROSOFT|Windows 7","inputVector":"658.0200000025798,1363.7199999939185,2009.9649999974645","location":{"city":"Guangzhou","point":[113.25,23.1167]}}
INFO com.baizhi.controller.UserController#userLogin 2019-07-16 22:30:36 EVALUATE {"agent":"Chrome|Browser|73.0.3683.86|MICROSOFT|Windows 7","inputVector":"1117.5899999943795,1319.5399999967776,2691.930000000866","location":{"city":"Zhengzhou","point":[113.5325,34.683594]}}
INFO com.baizhi.controller.UserController#userLogin 2019-07-16 22:30:36 inputVector:1117.5899999943795,1319.5399999967776,2691.930000000866| User-Agent:Mozilla/5.0 (Windows NT 6.1; Win64; x64) AppleWebKit/537.36 (KHTML, like Gecko) Chrome/73.0.3683.86 Safari/537.36 address:0:0:0:0:0:0:0:1
INFO com.baizhi.controller.UserController#userLogin 2019-07-16 22:30:36 SUCCESS {"agent":"Chrome|Browser|73.0.3683.86|MICROSOFT|Windows 7","inputVector":"1117.5899999943795,1319.5399999967776,2691.930000000866","location":{"city":"Zhengzhou","point":[113.5325,34.683594]}}
INFO com.baizhi.controller.UserController#userLogin 2019-07-16 22:39:39 EVALUATE {"agent":"Chrome|Browser|73.0.3683.86|MICROSOFT|Windows 7","inputVector":"1051.630000001751,1314.9699999994482,1463.770000002114","location":{"city":"Zhengzhou","point":[113.5325,34.683594]}}
INFO com.baizhi.controller.UserController#userLogin 2019-07-16 22:39:39 inputVector:1051.630000001751,1314.9699999994482,1463.770000002114| User-Agent:Mozilla/5.0 (Windows NT 6.1; Win64; x64) AppleWebKit/537.36 (KHTML, like Gecko) Chrome/73.0.3683.86 Safari/537.36 address:0:0:0:0:0:0:0:1
INFO com.baizhi.controller.UserController#userLogin 2019-07-16 22:39:39 SUCCESS {"agent":"Chrome|Browser|73.0.3683.86|MICROSOFT|Windows 7","inputVector":"1051.630000001751,1314.9699999994482,1463.770000002114","location":{"city":"Zhengzhou","point":[113.5325,34.683594]}}
INFO com.baizhi.controller.UserController#userLogin 2019-07-16 22:42:17 EVALUATE {"agent":"Chrome|Browser|73.0.3683.86|MICROSOFT|Windows 7","inputVector":"693.3849999986705,1327.4300000048243,2526.835000004212","location":{"city":"Shanghai","point":[121.39969,31.045593]}}
INFO com.baizhi.controller.UserController#userLogin 2019-07-16 22:42:17 inputVector:693.3849999986705,1327.4300000048243,2526.835000004212| User-Agent:Mozilla/5.0 (Windows NT 6.1; Win64; x64) AppleWebKit/537.36 (KHTML, like Gecko) Chrome/73.0.3683.86 Safari/537.36 address:0:0:0:0:0:0:0:1
INFO com.baizhi.controller.UserController#userLogin 2019-07-16 22:42:17 SUCCESS {"agent":"Chrome|Browser|73.0.3683.86|MICROSOFT|Windows 7","inputVector":"693.3849999986705,1327.4300000048243,2526.835000004212","location":{"city":"Shanghai","point":[121.39969,31.045593]}}
INFO com.baizhi.controller.UserController#userLogin 2019-07-16 22:53:27 EVALUATE {"agent":"Chrome|Browser|73.0.3683.86|MICROSOFT|Windows 7","inputVector":"717.239999998128,1258.0700000034994,1831.0449999989942","location":{"city":"Guangzhou","point":[113.25,23.1167]}}
INFO com.baizhi.controller.UserController#userLogin 2019-07-16 22:53:27 inputVector:717.239999998128,1258.0700000034994,1831.0449999989942| User-Agent:Mozilla/5.0 (Windows NT 6.1; Win64; x64) AppleWebKit/537.36 (KHTML, like Gecko) Chrome/73.0.3683.86 Safari/537.36 address:0:0:0:0:0:0:0:1
INFO com.baizhi.controller.UserController#userLogin 2019-07-16 22:53:27 SUCCESS {"agent":"Chrome|Browser|73.0.3683.86|MICROSOFT|Windows 7","inputVector":"717.239999998128,1258.0700000034994,1831.0449999989942","location":{"city":"Guangzhou","point":[113.25,23.1167]}}
